<?xml version="1.0" encoding="UTF-8"?>
<coverage generated="1681707865605" clover="3.2.0">
  <project timestamp="1681707865606" name="All files">
    <metrics statements="16" coveredstatements="16" conditionals="22" coveredconditionals="16" methods="9" coveredmethods="7" elements="47" coveredelements="39" complexity="0" loc="16" ncloc="16" packages="1" files="1" classes="1"/>
    <file name="useSearch.js" path="/workspaces/hooks/es/useSearch.js">
      <metrics statements="16" coveredstatements="16" conditionals="22" coveredconditionals="16" methods="9" coveredmethods="7"/>
      <line num="2" count="8" type="cond" truecount="3" falsecount="1"/>
      <line num="3" count="8" type="cond" truecount="2" falsecount="4"/>
      <line num="7" count="10" type="stmt"/>
      <line num="9" count="14" type="stmt"/>
      <line num="10" count="10" type="stmt"/>
      <line num="11" count="10" type="cond" truecount="4" falsecount="0"/>
      <line num="12" count="10" type="stmt"/>
      <line num="13" count="10" type="stmt"/>
      <line num="14" count="10" type="cond" truecount="2" falsecount="0"/>
      <line num="15" count="4" type="cond" truecount="4" falsecount="0"/>
      <line num="16" count="2" type="stmt"/>
      <line num="19" count="2" type="stmt"/>
      <line num="20" count="2" type="stmt"/>
      <line num="23" count="2" type="cond" truecount="1" falsecount="1"/>
      <line num="24" count="2" type="stmt"/>
      <line num="27" count="10" type="stmt"/>
    </file>
  </project>
</coverage>
