<?xml version="1.0" encoding="UTF-8"?>
<coverage generated="1681484610635" clover="3.2.0">
  <project timestamp="1681484610636" name="All files">
    <metrics statements="13" coveredstatements="13" conditionals="18" coveredconditionals="13" methods="9" coveredmethods="7" elements="40" coveredelements="33" complexity="0" loc="13" ncloc="13" packages="1" files="1" classes="1"/>
    <file name="useSearch.js" path="/workspaces/hooks/es/useSearch.js">
      <metrics statements="13" coveredstatements="13" conditionals="18" coveredconditionals="13" methods="9" coveredmethods="7"/>
      <line num="2" count="18" type="cond" truecount="3" falsecount="1"/>
      <line num="3" count="18" type="cond" truecount="2" falsecount="4"/>
      <line num="7" count="10" type="stmt"/>
      <line num="9" count="14" type="stmt"/>
      <line num="10" count="10" type="stmt"/>
      <line num="11" count="10" type="cond" truecount="4" falsecount="0"/>
      <line num="12" count="10" type="stmt"/>
      <line num="13" count="10" type="cond" truecount="4" falsecount="0"/>
      <line num="14" count="4" type="stmt"/>
      <line num="17" count="5" type="stmt"/>
      <line num="18" count="4" type="stmt"/>
      <line num="21" count="4" type="stmt"/>
      <line num="23" count="10" type="stmt"/>
    </file>
  </project>
</coverage>
