{"/workspaces/hooks/es/useSearch.js": {"path":"/workspaces/hooks/es/useSearch.js","statementMap":{"0":{"start":{"line":2,"column":54},"end":{"line":2,"column":73}},"1":{"start":{"line":2,"column":75},"end":{"line":2,"column":326}},"2":{"start":{"line":2,"column":125},"end":{"line":2,"column":161}},"3":{"start":{"line":2,"column":163},"end":{"line":2,"column":324}},"4":{"start":{"line":2,"column":224},"end":{"line":2,"column":287}},"5":{"start":{"line":2,"column":327},"end":{"line":2,"column":339}},"6":{"start":{"line":3,"column":33},"end":{"line":3,"column":489}},"7":{"start":{"line":3,"column":46},"end":{"line":3,"column":47}},"8":{"start":{"line":3,"column":91},"end":{"line":3,"column":131}},"9":{"start":{"line":3,"column":133},"end":{"line":3,"column":487}},"10":{"start":{"line":3,"column":194},"end":{"line":3,"column":236}},"11":{"start":{"line":3,"column":402},"end":{"line":3,"column":483}},"12":{"start":{"line":3,"column":490},"end":{"line":3,"column":504}},"13":{"start":{"line":7,"column":19},"end":{"line":7,"column":21}},"14":{"start":{"line":9,"column":18},"end":{"line":9,"column":92}},"15":{"start":{"line":9,"column":36},"end":{"line":9,"column":65}},"16":{"start":{"line":10,"column":18},"end":{"line":26,"column":33}},"17":{"start":{"line":11,"column":16},"end":{"line":11,"column":88}},"18":{"start":{"line":12,"column":14},"end":{"line":12,"column":30}},"19":{"start":{"line":13,"column":17},"end":{"line":13,"column":28}},"20":{"start":{"line":14,"column":4},"end":{"line":14,"column":36}},"21":{"start":{"line":14,"column":29},"end":{"line":14,"column":36}},"22":{"start":{"line":15,"column":4},"end":{"line":15,"column":58}},"23":{"start":{"line":15,"column":51},"end":{"line":15,"column":58}},"24":{"start":{"line":16,"column":4},"end":{"line":18,"column":7}},"25":{"start":{"line":19,"column":25},"end":{"line":19,"column":160}},"26":{"start":{"line":19,"column":105},"end":{"line":19,"column":154}},"27":{"start":{"line":20,"column":21},"end":{"line":22,"column":6}},"28":{"start":{"line":23,"column":4},"end":{"line":25,"column":5}},"29":{"start":{"line":24,"column":6},"end":{"line":24,"column":81}},"30":{"start":{"line":27,"column":2},"end":{"line":30,"column":4}}},"fnMap":{"0":{"name":"ownKeys","decl":{"start":{"line":2,"column":9},"end":{"line":2,"column":16}},"loc":{"start":{"line":2,"column":41},"end":{"line":2,"column":341}},"line":2},"1":{"name":"(anonymous_1)","decl":{"start":{"line":2,"column":207},"end":{"line":2,"column":208}},"loc":{"start":{"line":2,"column":222},"end":{"line":2,"column":289}},"line":2},"2":{"name":"_objectSpread","decl":{"start":{"line":3,"column":9},"end":{"line":3,"column":22}},"loc":{"start":{"line":3,"column":31},"end":{"line":3,"column":506}},"line":3},"3":{"name":"(anonymous_3)","decl":{"start":{"line":3,"column":177},"end":{"line":3,"column":178}},"loc":{"start":{"line":3,"column":192},"end":{"line":3,"column":238}},"line":3},"4":{"name":"(anonymous_4)","decl":{"start":{"line":3,"column":385},"end":{"line":3,"column":386}},"loc":{"start":{"line":3,"column":400},"end":{"line":3,"column":485}},"line":3},"5":{"name":"useSearch","decl":{"start":{"line":6,"column":16},"end":{"line":6,"column":25}},"loc":{"start":{"line":6,"column":28},"end":{"line":31,"column":1}},"line":6},"6":{"name":"(anonymous_6)","decl":{"start":{"line":9,"column":30},"end":{"line":9,"column":31}},"loc":{"start":{"line":9,"column":36},"end":{"line":9,"column":65}},"line":9},"7":{"name":"(anonymous_7)","decl":{"start":{"line":10,"column":30},"end":{"line":10,"column":31}},"loc":{"start":{"line":10,"column":45},"end":{"line":26,"column":3}},"line":10},"8":{"name":"(anonymous_8)","decl":{"start":{"line":19,"column":84},"end":{"line":19,"column":85}},"loc":{"start":{"line":19,"column":105},"end":{"line":19,"column":154}},"line":19}},"branchMap":{"0":{"loc":{"start":{"line":2,"column":75},"end":{"line":2,"column":326}},"type":"if","locations":[{"start":{"line":2,"column":75},"end":{"line":2,"column":326}},{"start":{},"end":{}}],"line":2},"1":{"loc":{"start":{"line":2,"column":163},"end":{"line":2,"column":291}},"type":"binary-expr","locations":[{"start":{"line":2,"column":163},"end":{"line":2,"column":177}},{"start":{"line":2,"column":182},"end":{"line":2,"column":290}}],"line":2},"2":{"loc":{"start":{"line":3,"column":91},"end":{"line":3,"column":131}},"type":"cond-expr","locations":[{"start":{"line":3,"column":114},"end":{"line":3,"column":126}},{"start":{"line":3,"column":129},"end":{"line":3,"column":131}}],"line":3},"3":{"loc":{"start":{"line":3,"column":133},"end":{"line":3,"column":486}},"type":"cond-expr","locations":[{"start":{"line":3,"column":141},"end":{"line":3,"column":239}},{"start":{"line":3,"column":242},"end":{"line":3,"column":486}}],"line":3},"4":{"loc":{"start":{"line":3,"column":242},"end":{"line":3,"column":486}},"type":"cond-expr","locations":[{"start":{"line":3,"column":277},"end":{"line":3,"column":350}},{"start":{"line":3,"column":353},"end":{"line":3,"column":486}}],"line":3},"5":{"loc":{"start":{"line":11,"column":16},"end":{"line":11,"column":88}},"type":"cond-expr","locations":[{"start":{"line":11,"column":69},"end":{"line":11,"column":81}},{"start":{"line":11,"column":84},"end":{"line":11,"column":88}}],"line":11},"6":{"loc":{"start":{"line":11,"column":16},"end":{"line":11,"column":66}},"type":"binary-expr","locations":[{"start":{"line":11,"column":16},"end":{"line":11,"column":36}},{"start":{"line":11,"column":40},"end":{"line":11,"column":66}}],"line":11},"7":{"loc":{"start":{"line":14,"column":4},"end":{"line":14,"column":36}},"type":"if","locations":[{"start":{"line":14,"column":4},"end":{"line":14,"column":36}},{"start":{},"end":{}}],"line":14},"8":{"loc":{"start":{"line":15,"column":4},"end":{"line":15,"column":58}},"type":"if","locations":[{"start":{"line":15,"column":4},"end":{"line":15,"column":58}},{"start":{},"end":{}}],"line":15},"9":{"loc":{"start":{"line":15,"column":8},"end":{"line":15,"column":49}},"type":"binary-expr","locations":[{"start":{"line":15,"column":8},"end":{"line":15,"column":31}},{"start":{"line":15,"column":35},"end":{"line":15,"column":49}}],"line":15},"10":{"loc":{"start":{"line":23,"column":4},"end":{"line":25,"column":5}},"type":"if","locations":[{"start":{"line":23,"column":4},"end":{"line":25,"column":5}},{"start":{},"end":{}}],"line":23}},"s":{"0":8,"1":8,"2":8,"3":8,"4":0,"5":8,"6":8,"7":8,"8":8,"9":8,"10":7,"11":0,"12":8,"13":10,"14":10,"15":14,"16":10,"17":10,"18":10,"19":10,"20":10,"21":6,"22":4,"23":2,"24":2,"25":2,"26":2,"27":2,"28":2,"29":2,"30":10},"f":{"0":8,"1":0,"2":8,"3":7,"4":0,"5":10,"6":14,"7":10,"8":2},"b":{"0":[8,0],"1":[8,8],"2":[8,0],"3":[8,0],"4":[0,0],"5":[9,1],"6":[10,10],"7":[6,4],"8":[2,2],"9":[4,4],"10":[2,0]},"_coverageSchema":"1a1c01bbd47fc00a2c39e90264f33305004495a9","hash":"33fbf558a7fef7b3e528a72c9b4fe365ae719eaa"}
}
