{"/workspaces/hooks/es/useSearch.js": {"path":"/workspaces/hooks/es/useSearch.js","statementMap":{"0":{"start":{"line":5,"column":21},"end":{"line":5,"column":23}},"1":{"start":{"line":7,"column":20},"end":{"line":7,"column":108}},"2":{"start":{"line":7,"column":38},"end":{"line":7,"column":79}},"3":{"start":{"line":9,"column":20},"end":{"line":20,"column":35}},"4":{"start":{"line":10,"column":19},"end":{"line":10,"column":30}},"5":{"start":{"line":12,"column":4},"end":{"line":12,"column":68}},"6":{"start":{"line":12,"column":62},"end":{"line":12,"column":68}},"7":{"start":{"line":14,"column":4},"end":{"line":14,"column":37}},"8":{"start":{"line":16,"column":27},"end":{"line":16,"column":116}},"9":{"start":{"line":16,"column":83},"end":{"line":16,"column":108}},"10":{"start":{"line":17,"column":23},"end":{"line":17,"column":80}},"11":{"start":{"line":19,"column":4},"end":{"line":19,"column":84}},"12":{"start":{"line":22,"column":2},"end":{"line":22,"column":33}}},"fnMap":{"0":{"name":"useSearch","decl":{"start":{"line":4,"column":16},"end":{"line":4,"column":25}},"loc":{"start":{"line":4,"column":28},"end":{"line":23,"column":1}},"line":4},"1":{"name":"(anonymous_1)","decl":{"start":{"line":7,"column":32},"end":{"line":7,"column":33}},"loc":{"start":{"line":7,"column":38},"end":{"line":7,"column":79}},"line":7},"2":{"name":"(anonymous_2)","decl":{"start":{"line":9,"column":32},"end":{"line":9,"column":33}},"loc":{"start":{"line":9,"column":55},"end":{"line":20,"column":3}},"line":9},"3":{"name":"(anonymous_3)","decl":{"start":{"line":16,"column":61},"end":{"line":16,"column":62}},"loc":{"start":{"line":16,"column":83},"end":{"line":16,"column":108}},"line":16}},"branchMap":{"0":{"loc":{"start":{"line":9,"column":38},"end":{"line":9,"column":50}},"type":"default-arg","locations":[{"start":{"line":9,"column":46},"end":{"line":9,"column":50}}],"line":9},"1":{"loc":{"start":{"line":12,"column":4},"end":{"line":12,"column":68}},"type":"if","locations":[{"start":{"line":12,"column":4},"end":{"line":12,"column":68}},{"start":{},"end":{}}],"line":12},"2":{"loc":{"start":{"line":12,"column":8},"end":{"line":12,"column":60}},"type":"binary-expr","locations":[{"start":{"line":12,"column":8},"end":{"line":12,"column":34}},{"start":{"line":12,"column":38},"end":{"line":12,"column":60}}],"line":12}},"s":{"0":10,"1":10,"2":14,"3":10,"4":10,"5":10,"6":6,"7":4,"8":4,"9":5,"10":4,"11":4,"12":10},"f":{"0":10,"1":14,"2":10,"3":5},"b":{"0":[1],"1":[6,4],"2":[10,4]},"_coverageSchema":"1a1c01bbd47fc00a2c39e90264f33305004495a9","hash":"e2085069b9c3837e1d6772d77e15654f67af2a39"}
}
