TN:
SF:es/useSearch.js
FN:2,ownKeys
FN:2,(anonymous_1)
FN:3,_objectSpread
FN:3,(anonymous_3)
FN:3,(anonymous_4)
FN:6,useSearch
FN:9,(anonymous_6)
FN:10,(anonymous_7)
FN:17,(anonymous_8)
FNF:9
FNH:7
FNDA:18,ownKeys
FNDA:0,(anonymous_1)
FNDA:18,_objectSpread
FNDA:17,(anonymous_3)
FNDA:0,(anonymous_4)
FNDA:10,useSearch
FNDA:14,(anonymous_6)
FNDA:10,(anonymous_7)
FNDA:5,(anonymous_8)
DA:2,18
DA:3,18
DA:7,10
DA:9,14
DA:10,10
DA:11,10
DA:12,10
DA:13,10
DA:14,4
DA:17,5
DA:18,4
DA:21,4
DA:23,10
LF:13
LH:13
BRDA:2,0,0,18
BRDA:2,0,1,0
BRDA:2,1,0,18
BRDA:2,1,1,18
BRDA:3,2,0,18
BRDA:3,2,1,0
BRDA:3,3,0,18
BRDA:3,3,1,0
BRDA:3,4,0,0
BRDA:3,4,1,0
BRDA:11,5,0,9
BRDA:11,5,1,1
BRDA:11,6,0,10
BRDA:11,6,1,10
BRDA:13,7,0,6
BRDA:13,7,1,4
BRDA:13,8,0,10
BRDA:13,8,1,4
BRF:18
BRH:13
end_of_record
