TN:
SF:es/useSearch.js
FN:2,ownKeys
FN:2,(anonymous_1)
FN:3,_objectSpread
FN:3,(anonymous_3)
FN:3,(anonymous_4)
FN:6,useSearch
FN:9,(anonymous_6)
FN:10,(anonymous_7)
FN:19,(anonymous_8)
FNF:9
FNH:7
FNDA:8,ownKeys
FNDA:0,(anonymous_1)
FNDA:8,_objectSpread
FNDA:7,(anonymous_3)
FNDA:0,(anonymous_4)
FNDA:10,useSearch
FNDA:14,(anonymous_6)
FNDA:10,(anonymous_7)
FNDA:2,(anonymous_8)
DA:2,8
DA:3,8
DA:7,10
DA:9,14
DA:10,10
DA:11,10
DA:12,10
DA:13,10
DA:14,10
DA:15,4
DA:16,2
DA:19,2
DA:20,2
DA:23,2
DA:24,2
DA:27,10
LF:16
LH:16
BRDA:2,0,0,8
BRDA:2,0,1,0
BRDA:2,1,0,8
BRDA:2,1,1,8
BRDA:3,2,0,8
BRDA:3,2,1,0
BRDA:3,3,0,8
BRDA:3,3,1,0
BRDA:3,4,0,0
BRDA:3,4,1,0
BRDA:11,5,0,9
BRDA:11,5,1,1
BRDA:11,6,0,10
BRDA:11,6,1,10
BRDA:14,7,0,6
BRDA:14,7,1,4
BRDA:15,8,0,2
BRDA:15,8,1,2
BRDA:15,9,0,4
BRDA:15,9,1,4
BRDA:23,10,0,2
BRDA:23,10,1,0
BRF:22
BRH:16
end_of_record
